Performing C SOURCE FILE Test CMAKE_HAVE_LIBC_PTHREAD failed with the following output:
Change Dir: /home/oosman/repos/factory-installer/build/CMakeFiles/CMakeScratch/TryCompile-TcRMgG

Run Build Command(s):/usr/bin/ninja cmTC_12452 && [1/2] Building C object CMakeFiles/cmTC_12452.dir/src.c.o
[2/2] Linking C executable cmTC_12452
FAILED: cmTC_12452 
: && /usr/bin/clang  -rdynamic CMakeFiles/cmTC_12452.dir/src.c.o -o cmTC_12452   && :
/usr/bin/ld: CMakeFiles/cmTC_12452.dir/src.c.o: in function `main':
src.c:(.text+0x22): undefined reference to `pthread_create'
/usr/bin/ld: src.c:(.text+0x2b): undefined reference to `pthread_detach'
/usr/bin/ld: src.c:(.text+0x34): undefined reference to `pthread_cancel'
/usr/bin/ld: src.c:(.text+0x41): undefined reference to `pthread_join'
clang-13: error: linker command failed with exit code 1 (use -v to see invocation)
ninja: build stopped: subcommand failed.


Source file was:
#include <pthread.h>

static void* test_func(void* data)
{
  return data;
}

int main(void)
{
  pthread_t thread;
  pthread_create(&thread, NULL, test_func, NULL);
  pthread_detach(thread);
  pthread_cancel(thread);
  pthread_join(thread, NULL);
  pthread_atfork(NULL, NULL, NULL);
  pthread_exit(NULL);

  return 0;
}


Determining if the include file util.h exists failed with the following output:
Change Dir: /home/oosman/repos/factory-installer/build/CMakeFiles/CMakeScratch/TryCompile-eD4AyI

Run Build Command(s):/usr/bin/ninja cmTC_eae0e && [1/2] Building C object CMakeFiles/cmTC_eae0e.dir/CheckIncludeFile.c.o
FAILED: CMakeFiles/cmTC_eae0e.dir/CheckIncludeFile.c.o 
/usr/bin/clang   -fPIE -MD -MT CMakeFiles/cmTC_eae0e.dir/CheckIncludeFile.c.o -MF CMakeFiles/cmTC_eae0e.dir/CheckIncludeFile.c.o.d -o CMakeFiles/cmTC_eae0e.dir/CheckIncludeFile.c.o -c /home/oosman/repos/factory-installer/build/CMakeFiles/CMakeScratch/TryCompile-eD4AyI/CheckIncludeFile.c
/home/oosman/repos/factory-installer/build/CMakeFiles/CMakeScratch/TryCompile-eD4AyI/CheckIncludeFile.c:1:10: fatal error: 'util.h' file not found
#include <util.h>
         ^~~~~~~~
1 error generated.
ninja: build stopped: subcommand failed.



Determining if the include file libutil.h exists failed with the following output:
Change Dir: /home/oosman/repos/factory-installer/build/CMakeFiles/CMakeScratch/TryCompile-0H2q8H

Run Build Command(s):/usr/bin/ninja cmTC_6a71d && [1/2] Building C object CMakeFiles/cmTC_6a71d.dir/CheckIncludeFile.c.o
FAILED: CMakeFiles/cmTC_6a71d.dir/CheckIncludeFile.c.o 
/usr/bin/clang   -fPIE -MD -MT CMakeFiles/cmTC_6a71d.dir/CheckIncludeFile.c.o -MF CMakeFiles/cmTC_6a71d.dir/CheckIncludeFile.c.o.d -o CMakeFiles/cmTC_6a71d.dir/CheckIncludeFile.c.o -c /home/oosman/repos/factory-installer/build/CMakeFiles/CMakeScratch/TryCompile-0H2q8H/CheckIncludeFile.c
/home/oosman/repos/factory-installer/build/CMakeFiles/CMakeScratch/TryCompile-0H2q8H/CheckIncludeFile.c:1:10: fatal error: 'libutil.h' file not found
#include <libutil.h>
         ^~~~~~~~~~~
1 error generated.
ninja: build stopped: subcommand failed.



Determining if the include file sys/utime.h exists failed with the following output:
Change Dir: /home/oosman/repos/factory-installer/build/CMakeFiles/CMakeScratch/TryCompile-IsW2DH

Run Build Command(s):/usr/bin/ninja cmTC_fa9c2 && [1/2] Building C object CMakeFiles/cmTC_fa9c2.dir/CheckIncludeFile.c.o
FAILED: CMakeFiles/cmTC_fa9c2.dir/CheckIncludeFile.c.o 
/usr/bin/clang   -fPIE -MD -MT CMakeFiles/cmTC_fa9c2.dir/CheckIncludeFile.c.o -MF CMakeFiles/cmTC_fa9c2.dir/CheckIncludeFile.c.o.d -o CMakeFiles/cmTC_fa9c2.dir/CheckIncludeFile.c.o -c /home/oosman/repos/factory-installer/build/CMakeFiles/CMakeScratch/TryCompile-IsW2DH/CheckIncludeFile.c
/home/oosman/repos/factory-installer/build/CMakeFiles/CMakeScratch/TryCompile-IsW2DH/CheckIncludeFile.c:1:10: fatal error: 'sys/utime.h' file not found
#include <sys/utime.h>
         ^~~~~~~~~~~~~
1 error generated.
ninja: build stopped: subcommand failed.



Determining if the include file valgrind/valgrind.h exists failed with the following output:
Change Dir: /home/oosman/repos/factory-installer/build/CMakeFiles/CMakeScratch/TryCompile-NXsIIH

Run Build Command(s):/usr/bin/ninja cmTC_018a3 && [1/2] Building C object CMakeFiles/cmTC_018a3.dir/CheckIncludeFile.c.o
FAILED: CMakeFiles/cmTC_018a3.dir/CheckIncludeFile.c.o 
/usr/bin/clang   -fPIE -MD -MT CMakeFiles/cmTC_018a3.dir/CheckIncludeFile.c.o -MF CMakeFiles/cmTC_018a3.dir/CheckIncludeFile.c.o.d -o CMakeFiles/cmTC_018a3.dir/CheckIncludeFile.c.o -c /home/oosman/repos/factory-installer/build/CMakeFiles/CMakeScratch/TryCompile-NXsIIH/CheckIncludeFile.c
/home/oosman/repos/factory-installer/build/CMakeFiles/CMakeScratch/TryCompile-NXsIIH/CheckIncludeFile.c:1:10: fatal error: 'valgrind/valgrind.h' file not found
#include <valgrind/valgrind.h>
         ^~~~~~~~~~~~~~~~~~~~~
1 error generated.
ninja: build stopped: subcommand failed.



Determining if the function EVP_KDF_CTX_new_id exists failed with the following output:
Change Dir: /home/oosman/repos/factory-installer/build/CMakeFiles/CMakeScratch/TryCompile-1JcQvJ

Run Build Command(s):/usr/bin/ninja cmTC_9f0dc && [1/2] Building C object CMakeFiles/cmTC_9f0dc.dir/CheckFunctionExists.c.o
[2/2] Linking C executable cmTC_9f0dc
FAILED: cmTC_9f0dc 
: && /usr/bin/clang -DCHECK_FUNCTION_EXISTS=EVP_KDF_CTX_new_id -rdynamic CMakeFiles/cmTC_9f0dc.dir/CheckFunctionExists.c.o -o cmTC_9f0dc  /usr/lib/x86_64-linux-gnu/libcrypto.so && :
/usr/bin/ld: CMakeFiles/cmTC_9f0dc.dir/CheckFunctionExists.c.o: in function `main':
CheckFunctionExists.c:(.text+0x17): undefined reference to `EVP_KDF_CTX_new_id'
clang-13: error: linker command failed with exit code 1 (use -v to see invocation)
ninja: build stopped: subcommand failed.



Determining if the function EVP_KDF_CTX_new exists failed with the following output:
Change Dir: /home/oosman/repos/factory-installer/build/CMakeFiles/CMakeScratch/TryCompile-8UQGiG

Run Build Command(s):/usr/bin/ninja cmTC_359f7 && [1/2] Building C object CMakeFiles/cmTC_359f7.dir/CheckFunctionExists.c.o
[2/2] Linking C executable cmTC_359f7
FAILED: cmTC_359f7 
: && /usr/bin/clang -DCHECK_FUNCTION_EXISTS=EVP_KDF_CTX_new -rdynamic CMakeFiles/cmTC_359f7.dir/CheckFunctionExists.c.o -o cmTC_359f7  /usr/lib/x86_64-linux-gnu/libcrypto.so && :
/usr/bin/ld: CMakeFiles/cmTC_359f7.dir/CheckFunctionExists.c.o: in function `main':
CheckFunctionExists.c:(.text+0x17): undefined reference to `EVP_KDF_CTX_new'
clang-13: error: linker command failed with exit code 1 (use -v to see invocation)
ninja: build stopped: subcommand failed.



Determining if the function memset_s exists failed with the following output:
Change Dir: /home/oosman/repos/factory-installer/build/CMakeFiles/CMakeScratch/TryCompile-M4DxTG

Run Build Command(s):/usr/bin/ninja cmTC_afd2e && [1/2] Building C object CMakeFiles/cmTC_afd2e.dir/CheckFunctionExists.c.o
[2/2] Linking C executable cmTC_afd2e
FAILED: cmTC_afd2e 
: && /usr/bin/clang -DCHECK_FUNCTION_EXISTS=memset_s -rdynamic CMakeFiles/cmTC_afd2e.dir/CheckFunctionExists.c.o -o cmTC_afd2e   && :
/usr/bin/ld: CMakeFiles/cmTC_afd2e.dir/CheckFunctionExists.c.o: in function `main':
CheckFunctionExists.c:(.text+0x17): undefined reference to `memset_s'
clang-13: error: linker command failed with exit code 1 (use -v to see invocation)
ninja: build stopped: subcommand failed.



Determining if the ntohll exist failed with the following output:
Change Dir: /home/oosman/repos/factory-installer/build/CMakeFiles/CMakeScratch/TryCompile-AkUFbF

Run Build Command(s):/usr/bin/ninja cmTC_7fa7c && [1/2] Building C object CMakeFiles/cmTC_7fa7c.dir/CheckSymbolExists.c.o
FAILED: CMakeFiles/cmTC_7fa7c.dir/CheckSymbolExists.c.o 
/usr/bin/clang   -fPIE -MD -MT CMakeFiles/cmTC_7fa7c.dir/CheckSymbolExists.c.o -MF CMakeFiles/cmTC_7fa7c.dir/CheckSymbolExists.c.o.d -o CMakeFiles/cmTC_7fa7c.dir/CheckSymbolExists.c.o -c /home/oosman/repos/factory-installer/build/CMakeFiles/CMakeScratch/TryCompile-AkUFbF/CheckSymbolExists.c
/home/oosman/repos/factory-installer/build/CMakeFiles/CMakeScratch/TryCompile-AkUFbF/CheckSymbolExists.c:8:19: error: use of undeclared identifier 'ntohll'; did you mean 'ntohl'?
  return ((int*)(&ntohll))[argc];
                  ^~~~~~
                  ntohl
/usr/include/netinet/in.h:375:17: note: 'ntohl' declared here
extern uint32_t ntohl (uint32_t __netlong) __THROW __attribute__ ((__const__));
                ^
1 error generated.
ninja: build stopped: subcommand failed.


File CheckSymbolExists.c:
/* */
#include <arpa/inet.h>

int main(int argc, char** argv)
{
  (void)argv;
#ifndef ntohll
  return ((int*)(&ntohll))[argc];
#else
  (void)argc;
  return 0;
#endif
}
Determining if the htonll exist failed with the following output:
Change Dir: /home/oosman/repos/factory-installer/build/CMakeFiles/CMakeScratch/TryCompile-P2gXsI

Run Build Command(s):/usr/bin/ninja cmTC_d0d5d && [1/2] Building C object CMakeFiles/cmTC_d0d5d.dir/CheckSymbolExists.c.o
FAILED: CMakeFiles/cmTC_d0d5d.dir/CheckSymbolExists.c.o 
/usr/bin/clang   -fPIE -MD -MT CMakeFiles/cmTC_d0d5d.dir/CheckSymbolExists.c.o -MF CMakeFiles/cmTC_d0d5d.dir/CheckSymbolExists.c.o.d -o CMakeFiles/cmTC_d0d5d.dir/CheckSymbolExists.c.o -c /home/oosman/repos/factory-installer/build/CMakeFiles/CMakeScratch/TryCompile-P2gXsI/CheckSymbolExists.c
/home/oosman/repos/factory-installer/build/CMakeFiles/CMakeScratch/TryCompile-P2gXsI/CheckSymbolExists.c:8:19: error: use of undeclared identifier 'htonll'; did you mean 'htonl'?
  return ((int*)(&htonll))[argc];
                  ^~~~~~
                  htonl
/usr/include/netinet/in.h:378:17: note: 'htonl' declared here
extern uint32_t htonl (uint32_t __hostlong)
                ^
1 error generated.
ninja: build stopped: subcommand failed.


File CheckSymbolExists.c:
/* */
#include <arpa/inet.h>

int main(int argc, char** argv)
{
  (void)argv;
#ifndef htonll
  return ((int*)(&htonll))[argc];
#else
  (void)argc;
  return 0;
#endif
}
Determining if the function __strtoull exists failed with the following output:
Change Dir: /home/oosman/repos/factory-installer/build/CMakeFiles/CMakeScratch/TryCompile-DdJ5wI

Run Build Command(s):/usr/bin/ninja cmTC_2609f && [1/2] Building C object CMakeFiles/cmTC_2609f.dir/CheckFunctionExists.c.o
[2/2] Linking C executable cmTC_2609f
FAILED: cmTC_2609f 
: && /usr/bin/clang -DCHECK_FUNCTION_EXISTS=__strtoull -rdynamic CMakeFiles/cmTC_2609f.dir/CheckFunctionExists.c.o -o cmTC_2609f   && :
/usr/bin/ld: CMakeFiles/cmTC_2609f.dir/CheckFunctionExists.c.o: in function `main':
CheckFunctionExists.c:(.text+0x17): undefined reference to `__strtoull'
clang-13: error: linker command failed with exit code 1 (use -v to see invocation)
ninja: build stopped: subcommand failed.



Performing C SOURCE FILE Test HAVE_MSC_THREAD_LOCAL_STORAGE failed with the following output:
Change Dir: /home/oosman/repos/factory-installer/build/CMakeFiles/CMakeScratch/TryCompile-R8elFG

Run Build Command(s):/usr/bin/ninja cmTC_61c82 && [1/2] Building C object CMakeFiles/cmTC_61c82.dir/src.c.o
FAILED: CMakeFiles/cmTC_61c82.dir/src.c.o 
/usr/bin/clang -DHAVE_MSC_THREAD_LOCAL_STORAGE  -fPIE -MD -MT CMakeFiles/cmTC_61c82.dir/src.c.o -MF CMakeFiles/cmTC_61c82.dir/src.c.o.d -o CMakeFiles/cmTC_61c82.dir/src.c.o -c /home/oosman/repos/factory-installer/build/CMakeFiles/CMakeScratch/TryCompile-R8elFG/src.c
/home/oosman/repos/factory-installer/build/CMakeFiles/CMakeScratch/TryCompile-R8elFG/src.c:2:1: error: '__declspec' attributes are not enabled; use '-fdeclspec' or '-fms-extensions' to enable support for __declspec attributes
__declspec(thread) int tls;
^
1 error generated.
ninja: build stopped: subcommand failed.


Source file was:

__declspec(thread) int tls;

int main(void) {
    return 0;
}

